<?xml version="1.0" encoding="UTF-8"?>
<testsuite name="ohtuesimerkki.StatisticsTest" tests="7" skipped="0" failures="0" errors="0" timestamp="2017-03-25T14:12:14" hostname="HappiestTurtle" time="0.023">
  <properties/>
  <testcase name="topScorersReturnsTheCorrectPlayersWithArgumentTwo" classname="ohtuesimerkki.StatisticsTest" time="0.005"/>
  <testcase name="searchReturnsNullIfNotFound" classname="ohtuesimerkki.StatisticsTest" time="0.001"/>
  <testcase name="topScorersReturnsEmptyListWithNegativeArgument" classname="ohtuesimerkki.StatisticsTest" time="0.0"/>
  <testcase name="searchReturnsTheCorrectPlayer" classname="ohtuesimerkki.StatisticsTest" time="0.0"/>
  <testcase name="teamReturnsAllTheCorrectPlayers" classname="ohtuesimerkki.StatisticsTest" time="0.007"/>
  <testcase name="topScorersReturnsTheCorrectPlayerWithArgumentOne" classname="ohtuesimerkki.StatisticsTest" time="0.001"/>
  <testcase name="teamReturnsEmptyListIfNotFound" classname="ohtuesimerkki.StatisticsTest" time="0.001"/>
  <system-out><![CDATA[]]></system-out>
  <system-err><![CDATA[]]></system-err>
</testsuite>
